AudioVideoAudioRecording/app/build/intermediates/manifest_merge_blame_file/debug/manifest-merger-blame-debug-report.txt
1<?xml version="1.0" encoding="utf-8"?>
2<manifest xmlns:android="http://schemas.android.com/apk/res/android"
3    package="course.examples.audiovideo.audiorecording" >
4
5    <uses-sdk
6        android:minSdkVersion="23"
6-->src\main\AndroidManifest.xml
7        android:targetSdkVersion="28" />
7-->src\main\AndroidManifest.xml
8
9    <uses-permission android:name="android.permission.WRITE_EXTERNAL_STORAGE" />
9-->src\main\AndroidManifest.xml:6:5-81
9-->src\main\AndroidManifest.xml:6:22-78
10    <uses-permission android:name="android.permission.RECORD_AUDIO" />
10-->src\main\AndroidManifest.xml:7:5-71
10-->src\main\AndroidManifest.xml:7:22-68
11
12    <application
12-->src\main\AndroidManifest.xml:9:5-24:19
13        android:allowBackup="false"
13-->src\main\AndroidManifest.xml:10:9-36
14        android:debuggable="true"
15        android:extractNativeLibs="false"
16        android:icon="@mipmap/ic_launcher"
16-->src\main\AndroidManifest.xml:11:9-43
17        android:label="@string/app_name"
17-->src\main\AndroidManifest.xml:12:9-41
18        android:testOnly="true"
19        android:theme="@style/MaterialTheme" >
19-->src\main\AndroidManifest.xml:13:9-45
20        <activity
20-->src\main\AndroidManifest.xml:15:9-23:20
21            android:name="course.examples.audiovideo.audiorecording.AudioRecordingActivity"
21-->src\main\AndroidManifest.xml:16:13-51
22            android:label="@string/app_name" >
22-->src\main\AndroidManifest.xml:17:13-45
23            <intent-filter>
23-->src\main\AndroidManifest.xml:18:13-22:29
24                <action android:name="android.intent.action.MAIN" />
24-->src\main\AndroidManifest.xml:19:17-69
24-->src\main\AndroidManifest.xml:19:25-66
25
26                <category android:name="android.intent.category.LAUNCHER" />
26-->src\main\AndroidManifest.xml:21:17-77
26-->src\main\AndroidManifest.xml:21:27-74
27            </intent-filter>
28        </activity>
29    </application>
30
31</manifest>